ERROR : [2018/12/06 13:11:35] - Error number:
Error: 
File: /LSBiblioteca/index.php

ERROR : [2018/12/06 13:16:19] - Error number:
Error: 
File: /LSBiblioteca/index.php

ERROR : [2018/12/06 13:16:44] - Error number:
Error: 
File: /LSBiblioteca/index.php

ERROR : [2018/12/06 13:17:55] - Error number:
Error: 
File: /LSBiblioteca/index.php

ERROR : [2018/12/06 13:18:34] - Error number:
Error: 
File: /LSBiblioteca/index.php

ERROR : [2018/12/06 13:18:48] - Error number:
Error: 
File: /LSBiblioteca/index.php

ERROR : [2018/12/06 13:19:12] - Error number:
Error: 
File: /LSBiblioteca/index.php

ERROR : [2018/12/06 13:19:46] - Error number:
Error: 
File: /LSBiblioteca/index.php

ERROR : [2018/12/06 13:22:34] - Error number:
Error: 
File: /LSBiblioteca/index.php

ERROR : [2018/12/06 13:33:37] - Error number:
Error: 
File: /LSBiblioteca/index.php

ERROR : [2018/12/06 14:04:50] - Error number:
Error: 
File: /LSBiblioteca/index.php

ERROR : [2018/12/06 20:35:33] - Error number:401
Error: Unauthorized - No esta autorizado para ingresar al sistema
File: /LSBiblioteca/index.php

ERROR : [2018/12/06 20:35:52] - Error number:401
Error: Unauthorized - No esta autorizado para ingresar al sistema
File: /LSBiblioteca/index.php

ERROR : [2018/12/06 20:36:04] - Error number:401
Error: Unauthorized - No esta autorizado para ingresar al sistema
File: /LSBiblioteca/index.php

ERROR : [2018/12/06 20:36:18] - Error number:401
Error: Unauthorized - No esta autorizado para ingresar al sistema
File: /LSBiblioteca/index.php

ERROR : [2018/12/06 21:06:51] - Error number:
Error: 
File: /LSBiblioteca/index.php

ERROR : [2018/12/06 21:07:17] - Error number:
Error: 
File: /LSBiblioteca/index.php

ERROR : [2018/12/06 21:07:41] - Error number:
Error: 
File: /LSBiblioteca/index.php

